<?xml version="1.0" encoding="UTF-8"?>
<!-- Generated by org.testng.reporters.JUnitReportReporter -->
<testsuite skipped="0" hostname="DESKTOP-FVKBK2P" name="TestRunner" tests="9" failures="7" timestamp="2021-06-02T21:16:45 WAT" time="179.432" errors="0">
  <testcase name="runScenario" time="19.559" classname="TestRunner">
    <failure type="java.lang.AssertionError" message="expected [true] but found [false]">
      <![CDATA[java.lang.AssertionError: expected [true] but found [false]
at org.testng.Assert.fail(Assert.java:99)
at org.testng.Assert.failNotEquals(Assert.java:1037)
at org.testng.Assert.assertTrue(Assert.java:45)
at org.testng.Assert.assertTrue(Assert.java:55)
at PageObjects.HomePage.getcontentdropdown(HomePage.java:147)
at StepDefinitions.ChangeLangWorkingSteps.changeLanguage(ChangeLangWorkingSteps.java:11)
at ✽.change language website(file:///C:/Users/Gabriel/Documents/PAWK/Projets/ArvalTestAutomation/src/test/resources/features/arval.feature:40)
]]>
    </failure>
  </testcase> <!-- runScenario -->
  <system-out/>
  <testcase name="runScenario" time="24.233" classname="TestRunner"/>
  <system-out/>
  <testcase name="runScenario" time="13.836" classname="TestRunner">
    <failure type="java.lang.AssertionError" message="expected [true] but found [false]">
      <![CDATA[java.lang.AssertionError: expected [true] but found [false]
at org.testng.Assert.fail(Assert.java:99)
at org.testng.Assert.failNotEquals(Assert.java:1037)
at org.testng.Assert.assertTrue(Assert.java:45)
at org.testng.Assert.assertTrue(Assert.java:55)
at PageObjects.ProfessionalPage.comparePosition(ProfessionalPage.java:47)
at StepDefinitions.IncorretAlignmentComponentSteps.verfiyPositionElement(IncorretAlignmentComponentSteps.java:17)
at ✽.verfiy position element(file:///C:/Users/Gabriel/Documents/PAWK/Projets/ArvalTestAutomation/src/test/resources/features/arval.feature:31)
]]>
    </failure>
  </testcase> <!-- runScenario -->
  <system-out/>
  <testcase name="runScenario" time="16.015" classname="TestRunner">
    <failure type="java.lang.AssertionError" message="expected [true] but found [false]">
      <![CDATA[java.lang.AssertionError: expected [true] but found [false]
at org.testng.Assert.fail(Assert.java:99)
at org.testng.Assert.failNotEquals(Assert.java:1037)
at org.testng.Assert.assertTrue(Assert.java:45)
at org.testng.Assert.assertTrue(Assert.java:55)
at StepDefinitions.ContactLinkNotWorking.clickOnButtonContact(ContactLinkNotWorking.java:18)
at ✽.click on button "Contact us"(file:///C:/Users/Gabriel/Documents/PAWK/Projets/ArvalTestAutomation/src/test/resources/features/arval.feature:36)
]]>
    </failure>
  </testcase> <!-- runScenario -->
  <system-out/>
  <testcase name="runScenario" time="23.526" classname="TestRunner">
    <failure type="java.lang.AssertionError" message="expected [true] but found [false]">
      <![CDATA[java.lang.AssertionError: expected [true] but found [false]
at org.testng.Assert.fail(Assert.java:99)
at org.testng.Assert.failNotEquals(Assert.java:1037)
at org.testng.Assert.assertTrue(Assert.java:45)
at org.testng.Assert.assertTrue(Assert.java:55)
at PageObjects.ProfessionalPage.verifyNameMark(ProfessionalPage.java:60)
at StepDefinitions.BadCharacterManagementSteps.navigateToMarkBMW(BadCharacterManagementSteps.java:18)
at ✽.click to mark BMW(file:///C:/Users/Gabriel/Documents/PAWK/Projets/ArvalTestAutomation/src/test/resources/features/arval.feature:45)
]]>
    </failure>
  </testcase> <!-- runScenario -->
  <system-out/>
  <testcase name="runScenario" time="21.000" classname="TestRunner">
    <failure type="java.lang.AssertionError" message="expected [false] but found [true]">
      <![CDATA[java.lang.AssertionError: expected [false] but found [true]
at org.testng.Assert.fail(Assert.java:99)
at org.testng.Assert.failNotEquals(Assert.java:1037)
at org.testng.Assert.assertFalse(Assert.java:67)
at org.testng.Assert.assertFalse(Assert.java:77)
at StepDefinitions.IneffectiveJobSearchFilterSteps.SelectCareerCDI(IneffectiveJobSearchFilterSteps.java:30)
at ✽.Select 'CDI' from the <<I'm looking for>> link(file:///C:/Users/Gabriel/Documents/PAWK/Projets/ArvalTestAutomation/src/test/resources/features/arval.feature:9)
]]>
    </failure>
  </testcase> <!-- runScenario -->
  <system-out/>
  <testcase name="runScenario" time="22.809" classname="TestRunner"/>
  <system-out/>
  <testcase name="runScenario" time="19.214" classname="TestRunner">
    <failure type="java.lang.AssertionError" message="expected [true] but found [false]">
      <![CDATA[java.lang.AssertionError: expected [true] but found [false]
at org.testng.Assert.fail(Assert.java:99)
at org.testng.Assert.failNotEquals(Assert.java:1037)
at org.testng.Assert.assertTrue(Assert.java:45)
at org.testng.Assert.assertTrue(Assert.java:55)
at PageObjects.WhyArvalPage.verifyLoadImage(WhyArvalPage.java:27)
at StepDefinitions.ImageNotLoadSteps.checkLoadImage(ImageNotLoadSteps.java:24)
at ✽.see image header not load(file:///C:/Users/Gabriel/Documents/PAWK/Projets/ArvalTestAutomation/src/test/resources/features/arval.feature:26)
]]>
    </failure>
  </testcase> <!-- runScenario -->
  <system-out/>
  <testcase name="runScenario" time="19.240" classname="TestRunner">
    <failure type="java.lang.AssertionError" message="expected [false] but found [true]">
      <![CDATA[java.lang.AssertionError: expected [false] but found [true]
at org.testng.Assert.fail(Assert.java:99)
at org.testng.Assert.failNotEquals(Assert.java:1037)
at org.testng.Assert.assertFalse(Assert.java:67)
at org.testng.Assert.assertFalse(Assert.java:77)
at StepDefinitions.LinkNotFoundSteps.aDropDownDescriptionIsDisplayedClickOnTheLinkDiscoverProductsAndServices(LinkNotFoundSteps.java:33)
at ✽.A drop-down description is displayed, click on the link discover products and services(file:///C:/Users/Gabriel/Documents/PAWK/Projets/ArvalTestAutomation/src/test/resources/features/arval.feature:16)
]]>
    </failure>
  </testcase> <!-- runScenario -->
  <system-out/>
</testsuite> <!-- TestRunner -->
